[2023-07-11T20:35:46.659338+02:00] UserModel.WARNING: Confirm password not matched! [] []
[2023-07-11T20:38:56.906105+02:00] UserModel.WARNING: User email already exist! [] []
[2023-07-11T20:39:17.288499+02:00] UserModel.WARNING: User email already exist! [] []
[2023-07-11T20:39:34.967773+02:00] UserModel.WARNING: User email already exist! [] []
[2023-07-11T20:39:55.747188+02:00] UserModel.INFO: Registration successful for email: b@b [] []
[2023-07-11T20:41:22.596644+02:00] UserModel.INFO: Registration successful for email: c@c [] []
[2023-07-17T06:18:14.464925+02:00] UserModel.INFO: Registration successful for email: d@d [] []
[2023-07-17T06:36:03.503961+02:00] UserModel.INFO: Registration successful for email: a@a [] []
[2023-07-17T06:38:42.041031+02:00] UserModel.WARNING: User email already exist! [] []
[2023-07-17T07:02:45.264209+02:00] UserModel.INFO: Registration successful for email: c@c [] []
[2023-07-17T07:03:45.553489+02:00] UserModel.WARNING: User email already exist! [] []
[2023-07-17T07:03:56.019435+02:00] UserModel.INFO: Registration successful for email: e@e [] []
[2023-07-17T07:04:32.292655+02:00] UserModel.INFO: Registration successful for email: f@f [] []
[2023-07-17T07:06:03.693345+02:00] UserModel.INFO: Registration successful for email: g@g [] []
[2023-07-17T07:10:54.586386+02:00] UserModel.INFO: Registration successful for email: z@z [] []
[2023-07-17T07:22:36.196079+02:00] UserModel.INFO: Registration successful for email: k@k [] []
[2023-07-17T08:00:25.619506+02:00] UserModel.INFO: Registration successful for email: f@f [] []
[2023-07-17T08:12:12.484495+02:00] UserModel.INFO: Registration successful for email: v@v [] []
[2023-07-17T08:44:21.724596+02:00] UserModel.WARNING: User email already exists! [] []
[2023-07-17T08:46:21.919471+02:00] UserModel.INFO: Profile updated successfully! [] []
[2023-07-17T15:16:07.391818+02:00] UserModel.WARNING: Confirm password not matched! [] []
[2023-07-17T15:17:14.506913+02:00] UserModel.WARNING: Confirm password not matched! [] []
[2023-07-17T15:19:21.123271+02:00] UserModel.WARNING: Confirm password not matched! [] []
[2023-07-17T15:19:39.262118+02:00] UserModel.INFO: Registration successful for email: q@q [] []
